TN:
SF:index.js
FN:30,(anonymous_0)
FN:39,(anonymous_1)
FN:43,(anonymous_2)
FN:54,(anonymous_3)
FN:59,(anonymous_4)
FN:89,(anonymous_5)
FN:94,(anonymous_6)
FN:105,(anonymous_7)
FN:113,(anonymous_8)
FN:123,(anonymous_9)
FN:151,(anonymous_10)
FN:166,(anonymous_11)
FN:181,(anonymous_12)
FN:195,(anonymous_13)
FNF:14
FNH:8
FNDA:0,(anonymous_0)
FNDA:0,(anonymous_1)
FNDA:0,(anonymous_2)
FNDA:3,(anonymous_3)
FNDA:3,(anonymous_4)
FNDA:2,(anonymous_5)
FNDA:2,(anonymous_6)
FNDA:0,(anonymous_7)
FNDA:0,(anonymous_8)
FNDA:5,(anonymous_9)
FNDA:4,(anonymous_10)
FNDA:3,(anonymous_11)
FNDA:2,(anonymous_12)
FNDA:0,(anonymous_13)
DA:1,1
DA:2,1
DA:3,1
DA:4,1
DA:5,1
DA:8,1
DA:11,1
DA:12,1
DA:15,1
DA:18,1
DA:21,1
DA:30,1
DA:31,0
DA:32,0
DA:33,0
DA:35,0
DA:39,1
DA:40,0
DA:41,0
DA:43,0
DA:44,0
DA:45,0
DA:46,0
DA:48,0
DA:49,0
DA:54,1
DA:55,3
DA:56,3
DA:58,3
DA:59,3
DA:60,3
DA:61,0
DA:62,0
DA:64,3
DA:65,1
DA:66,1
DA:69,2
DA:70,2
DA:72,2
DA:74,2
DA:75,1
DA:76,1
DA:78,1
DA:79,1
DA:89,1
DA:90,2
DA:91,2
DA:92,2
DA:94,2
DA:95,2
DA:96,1
DA:97,1
DA:99,1
DA:100,1
DA:105,1
DA:106,0
DA:107,0
DA:109,0
DA:111,0
DA:113,0
DA:114,0
DA:115,0
DA:116,0
DA:118,0
DA:119,0
DA:123,1
DA:124,5
DA:126,5
DA:127,1
DA:130,4
DA:132,4
DA:143,4
DA:146,4
DA:147,4
DA:149,4
DA:151,4
DA:152,4
DA:153,1
DA:154,1
DA:157,3
DA:158,1
DA:161,2
DA:162,2
DA:166,1
DA:167,3
DA:169,3
DA:170,1
DA:176,2
DA:181,2
DA:182,2
DA:183,1
DA:184,1
DA:187,1
DA:188,1
DA:194,1
DA:195,0
DA:196,0
DA:199,1
LF:98
LH:72
BRDA:31,0,0,0
BRDA:31,0,1,0
BRDA:44,1,0,0
BRDA:44,1,1,0
BRDA:60,2,0,0
BRDA:60,2,1,3
BRDA:64,3,0,1
BRDA:64,3,1,2
BRDA:74,4,0,1
BRDA:74,4,1,1
BRDA:95,5,0,1
BRDA:95,5,1,1
BRDA:114,6,0,0
BRDA:114,6,1,0
BRDA:126,7,0,1
BRDA:126,7,1,4
BRDA:152,8,0,1
BRDA:152,8,1,3
BRDA:157,9,0,1
BRDA:157,9,1,2
BRDA:169,10,0,1
BRDA:169,10,1,2
BRDA:169,11,0,3
BRDA:169,11,1,3
BRDA:169,11,2,2
BRDA:182,12,0,1
BRDA:182,12,1,1
BRDA:194,13,0,0
BRDA:194,13,1,1
BRF:29
BRH:21
end_of_record
